<?xml version="1.0" encoding="UTF-8"?>
<testsuite name="com.bangersoul.aivance.core.data.repository.JobRepositoryImplTest" tests="3" skipped="0" failures="0" errors="0" timestamp="2026-07-29T20:16:38.779Z" hostname="BANGERSOUL" time="3.849">
  <properties/>
  <testcase name="searchJobs returns PagingData flow" classname="com.bangersoul.aivance.core.data.repository.JobRepositoryImplTest" time="3.705"/>
  <testcase name="getJobById returns success when job exists" classname="com.bangersoul.aivance.core.data.repository.JobRepositoryImplTest" time="0.121"/>
  <testcase name="getJobById returns failure when job not found" classname="com.bangersoul.aivance.core.data.repository.JobRepositoryImplTest" time="0.023"/>
  <system-out><![CDATA[]]></system-out>
  <system-err><![CDATA[WARNING: A Java agent has been loaded dynamically (C:\Users\iamsh\.gradle\caches\modules-2\files-2.1\net.bytebuddy\byte-buddy-agent\1.18.2\62f38a6faf7f069d661b79a07d566f504b0b20c4\byte-buddy-agent-1.18.2.jar)
WARNING: If a serviceability tool is in use, please run with -XX:+EnableDynamicAgentLoading to hide this warning
WARNING: If a serviceability tool is not in use, please run with -Djdk.instrument.traceUsage for more information
WARNING: Dynamic loading of agents will be disallowed by default in a future release
]]></system-err>
</testsuite>
