<?xml version="1.0" encoding="UTF-8"?>
<testsuite name="com.bangersoul.aivance.core.data.cache.MemoryCacheTest" tests="6" skipped="0" failures="0" errors="0" timestamp="2026-07-29T20:16:38.738Z" hostname="BANGERSOUL" time="0.026">
  <properties/>
  <testcase name="expired entry should be removed from underlying map on get" classname="com.bangersoul.aivance.core.data.cache.MemoryCacheTest" time="0.007"/>
  <testcase name="put and get should return stored value" classname="com.bangersoul.aivance.core.data.cache.MemoryCacheTest" time="0.001"/>
  <testcase name="clear should remove all values" classname="com.bangersoul.aivance.core.data.cache.MemoryCacheTest" time="0.001"/>
  <testcase name="get should return null if key does not exist" classname="com.bangersoul.aivance.core.data.cache.MemoryCacheTest" time="0.001"/>
  <testcase name="get should return null if entry is expired" classname="com.bangersoul.aivance.core.data.cache.MemoryCacheTest" time="0.0"/>
  <testcase name="evict should remove value from cache" classname="com.bangersoul.aivance.core.data.cache.MemoryCacheTest" time="0.001"/>
  <system-out><![CDATA[]]></system-out>
  <system-err><![CDATA[]]></system-err>
</testsuite>
