<?xml version="1.0" encoding="UTF-8"?>
<testsuite name="com.bangersoul.aivance.core.data.repository.ResumeRepositoryImplTest" tests="9" skipped="0" failures="0" errors="0" timestamp="2026-07-29T20:16:43.112Z" hostname="BANGERSOUL" time="0.79">
  <properties/>
  <testcase name="updateSections updates resume with new sections" classname="com.bangersoul.aivance.core.data.repository.ResumeRepositoryImplTest" time="0.288"/>
  <testcase name="insertResume calls localDataSource and returns id" classname="com.bangersoul.aivance.core.data.repository.ResumeRepositoryImplTest" time="0.053"/>
  <testcase name="deleteResume calls localDataSource when resume exists" classname="com.bangersoul.aivance.core.data.repository.ResumeRepositoryImplTest" time="0.027"/>
  <testcase name="analyzeResume returns analysis from aiService" classname="com.bangersoul.aivance.core.data.repository.ResumeRepositoryImplTest" time="0.321"/>
  <testcase name="getAtsResults returns results from localDataSource" classname="com.bangersoul.aivance.core.data.repository.ResumeRepositoryImplTest" time="0.025"/>
  <testcase name="getResumeById returns success when resume exists" classname="com.bangersoul.aivance.core.data.repository.ResumeRepositoryImplTest" time="0.015"/>
  <testcase name="getResumes returns success with list of resumes" classname="com.bangersoul.aivance.core.data.repository.ResumeRepositoryImplTest" time="0.017"/>
  <testcase name="getResumeById returns failure when resume does not exist" classname="com.bangersoul.aivance.core.data.repository.ResumeRepositoryImplTest" time="0.02"/>
  <testcase name="updateResume calls localDataSource" classname="com.bangersoul.aivance.core.data.repository.ResumeRepositoryImplTest" time="0.021"/>
  <system-out><![CDATA[]]></system-out>
  <system-err><![CDATA[]]></system-err>
</testsuite>
