<?xml version="1.0" encoding="UTF-8"?>
<testsuite name="com.bangersoul.aivance.core.domain.usecase.resume.ExportResumeUseCaseTest" tests="4" skipped="0" failures="0" errors="0" timestamp="2026-07-30T07:52:16.657Z" hostname="BANGERSOUL" time="0.031">
  <properties/>
  <testcase name="should fail for invalid resume ID" classname="com.bangersoul.aivance.core.domain.usecase.resume.ExportResumeUseCaseTest" time="0.006"/>
  <testcase name="should export resume as markdown" classname="com.bangersoul.aivance.core.domain.usecase.resume.ExportResumeUseCaseTest" time="0.008"/>
  <testcase name="should export resume as JSON" classname="com.bangersoul.aivance.core.domain.usecase.resume.ExportResumeUseCaseTest" time="0.008"/>
  <testcase name="should export resume as text" classname="com.bangersoul.aivance.core.domain.usecase.resume.ExportResumeUseCaseTest" time="0.009"/>
  <system-out><![CDATA[]]></system-out>
  <system-err><![CDATA[]]></system-err>
</testsuite>
