<?xml version="1.0" encoding="UTF-8"?>
<testsuite name="com.bangersoul.aivance.core.domain.usecase.user.UpdateProfileUseCaseTest" tests="2" skipped="0" failures="0" errors="0" timestamp="2026-07-30T07:52:17.022Z" hostname="BANGERSOUL" time="0.014">
  <properties/>
  <testcase name="should update profile with partial data" classname="com.bangersoul.aivance.core.domain.usecase.user.UpdateProfileUseCaseTest" time="0.01"/>
  <testcase name="should fail for invalid email" classname="com.bangersoul.aivance.core.domain.usecase.user.UpdateProfileUseCaseTest" time="0.004"/>
  <system-out><![CDATA[]]></system-out>
  <system-err><![CDATA[]]></system-err>
</testsuite>
