<?xml version="1.0" encoding="UTF-8"?>
<testsuite name="com.bangersoul.aivance.core.domain.usecase.analytics.GenerateUsageReportUseCaseTest" tests="2" skipped="0" failures="0" errors="0" timestamp="2026-07-30T07:52:15.509Z" hostname="BANGERSOUL" time="0.024">
  <properties/>
  <testcase name="should handle empty events" classname="com.bangersoul.aivance.core.domain.usecase.analytics.GenerateUsageReportUseCaseTest" time="0.014"/>
  <testcase name="should generate report with events" classname="com.bangersoul.aivance.core.domain.usecase.analytics.GenerateUsageReportUseCaseTest" time="0.01"/>
  <system-out><![CDATA[]]></system-out>
  <system-err><![CDATA[]]></system-err>
</testsuite>
