<?xml version="1.0" encoding="UTF-8"?>
<testsuite name="com.bangersoul.aivance.core.domain.usecase.resume.ImproveResumeUseCaseTest" tests="3" skipped="0" failures="0" errors="0" timestamp="2026-07-30T07:52:16.786Z" hostname="BANGERSOUL" time="0.029">
  <properties/>
  <testcase name="should fail for invalid resume ID" classname="com.bangersoul.aivance.core.domain.usecase.resume.ImproveResumeUseCaseTest" time="0.007"/>
  <testcase name="should handle resume not found" classname="com.bangersoul.aivance.core.domain.usecase.resume.ImproveResumeUseCaseTest" time="0.006"/>
  <testcase name="should improve resume with analysis" classname="com.bangersoul.aivance.core.domain.usecase.resume.ImproveResumeUseCaseTest" time="0.016"/>
  <system-out><![CDATA[]]></system-out>
  <system-err><![CDATA[]]></system-err>
</testsuite>
