<?xml version="1.0" encoding="UTF-8"?>
<testsuite name="com.bangersoul.aivance.core.domain.usecase.resume.AnalyseResumeUseCaseTest" tests="4" skipped="0" failures="0" errors="0" timestamp="2026-07-30T07:52:16.517Z" hostname="BANGERSOUL" time="0.095">
  <properties/>
  <testcase name="should analyse resume successfully" classname="com.bangersoul.aivance.core.domain.usecase.resume.AnalyseResumeUseCaseTest" time="0.081"/>
  <testcase name="should fail for short job description" classname="com.bangersoul.aivance.core.domain.usecase.resume.AnalyseResumeUseCaseTest" time="0.005"/>
  <testcase name="should fail for invalid resume ID" classname="com.bangersoul.aivance.core.domain.usecase.resume.AnalyseResumeUseCaseTest" time="0.004"/>
  <testcase name="should fail for blank job description" classname="com.bangersoul.aivance.core.domain.usecase.resume.AnalyseResumeUseCaseTest" time="0.005"/>
  <system-out><![CDATA[]]></system-out>
  <system-err><![CDATA[]]></system-err>
</testsuite>
