<?xml version="1.0" encoding="UTF-8"?>
<testsuite name="com.bangersoul.aivance.core.domain.usecase.career.GenerateCareerRoadmapUseCaseTest" tests="2" skipped="0" failures="0" errors="0" timestamp="2026-07-30T07:52:15.576Z" hostname="BANGERSOUL" time="0.031">
  <properties/>
  <testcase name="should fail for blank target role" classname="com.bangersoul.aivance.core.domain.usecase.career.GenerateCareerRoadmapUseCaseTest" time="0.006"/>
  <testcase name="should generate roadmap successfully" classname="com.bangersoul.aivance.core.domain.usecase.career.GenerateCareerRoadmapUseCaseTest" time="0.024"/>
  <system-out><![CDATA[]]></system-out>
  <system-err><![CDATA[]]></system-err>
</testsuite>
