<?xml version="1.0" encoding="UTF-8"?>
<testsuite name="com.bangersoul.aivance.core.domain.usecase.interview.StartInterviewSessionUseCaseTest" tests="2" skipped="0" failures="0" errors="0" timestamp="2026-07-30T07:52:15.957Z" hostname="BANGERSOUL" time="0.021">
  <properties/>
  <testcase name="should fail for blank role" classname="com.bangersoul.aivance.core.domain.usecase.interview.StartInterviewSessionUseCaseTest" time="0.006"/>
  <testcase name="should start session successfully" classname="com.bangersoul.aivance.core.domain.usecase.interview.StartInterviewSessionUseCaseTest" time="0.015"/>
  <system-out><![CDATA[]]></system-out>
  <system-err><![CDATA[]]></system-err>
</testsuite>
