<?xml version="1.0" encoding="UTF-8"?>
<testsuite name="com.bangersoul.aivance.core.domain.usecase.ai.SendMessageUseCaseTest" tests="4" skipped="0" failures="0" errors="0" timestamp="2026-07-30T07:52:13.508Z" hostname="BANGERSOUL" time="1.815">
  <properties/>
  <testcase name="should fail for oversized message" classname="com.bangersoul.aivance.core.domain.usecase.ai.SendMessageUseCaseTest" time="1.445"/>
  <testcase name="should send message successfully" classname="com.bangersoul.aivance.core.domain.usecase.ai.SendMessageUseCaseTest" time="0.346"/>
  <testcase name="should fail for blank message" classname="com.bangersoul.aivance.core.domain.usecase.ai.SendMessageUseCaseTest" time="0.009"/>
  <testcase name="should fail for blank conversation ID" classname="com.bangersoul.aivance.core.domain.usecase.ai.SendMessageUseCaseTest" time="0.005"/>
  <system-out><![CDATA[]]></system-out>
  <system-err><![CDATA[WARNING: A Java agent has been loaded dynamically (C:\Users\iamsh\.gradle\caches\modules-2\files-2.1\net.bytebuddy\byte-buddy-agent\1.18.2\62f38a6faf7f069d661b79a07d566f504b0b20c4\byte-buddy-agent-1.18.2.jar)
WARNING: If a serviceability tool is in use, please run with -XX:+EnableDynamicAgentLoading to hide this warning
WARNING: If a serviceability tool is not in use, please run with -Djdk.instrument.traceUsage for more information
WARNING: Dynamic loading of agents will be disallowed by default in a future release
]]></system-err>
</testsuite>
