<?xml version="1.0" encoding="UTF-8"?>
<testsuite name="com.bangersoul.aivance.core.domain.usecase.interview.GenerateFeedbackUseCaseTest" tests="2" skipped="0" failures="0" errors="0" timestamp="2026-07-30T07:52:15.936Z" hostname="BANGERSOUL" time="0.018">
  <properties/>
  <testcase name="should fail for blank session ID" classname="com.bangersoul.aivance.core.domain.usecase.interview.GenerateFeedbackUseCaseTest" time="0.005"/>
  <testcase name="should generate feedback successfully" classname="com.bangersoul.aivance.core.domain.usecase.interview.GenerateFeedbackUseCaseTest" time="0.013"/>
  <system-out><![CDATA[]]></system-out>
  <system-err><![CDATA[]]></system-err>
</testsuite>
