<?xml version="1.0" encoding="UTF-8"?>
<testsuite name="com.bangersoul.aivance.core.domain.usecase.job.SearchJobsUseCaseTest" tests="2" skipped="0" failures="0" errors="0" timestamp="2026-07-30T07:52:16.212Z" hostname="BANGERSOUL" time="0.015">
  <properties/>
  <testcase name="should return empty flow for blank query" classname="com.bangersoul.aivance.core.domain.usecase.job.SearchJobsUseCaseTest" time="0.003"/>
  <testcase name="should return flow for valid query" classname="com.bangersoul.aivance.core.domain.usecase.job.SearchJobsUseCaseTest" time="0.012"/>
  <system-out><![CDATA[]]></system-out>
  <system-err><![CDATA[]]></system-err>
</testsuite>
