<?xml version="1.0" encoding="UTF-8"?>
<testsuite name="com.bangersoul.aivance.core.domain.usecase.job.ApplyToJobUseCaseTest" tests="2" skipped="0" failures="0" errors="0" timestamp="2026-07-30T07:52:15.980Z" hostname="BANGERSOUL" time="0.095">
  <properties/>
  <testcase name="should apply to job successfully" classname="com.bangersoul.aivance.core.domain.usecase.job.ApplyToJobUseCaseTest" time="0.088"/>
  <testcase name="should fail for blank company" classname="com.bangersoul.aivance.core.domain.usecase.job.ApplyToJobUseCaseTest" time="0.006"/>
  <system-out><![CDATA[]]></system-out>
  <system-err><![CDATA[]]></system-err>
</testsuite>
