<?xml version="1.0" encoding="UTF-8"?>
<testsuite name="com.bangersoul.aivance.core.domain.usecase.interview.EvaluateAnswersUseCaseTest" tests="4" skipped="0" failures="0" errors="0" timestamp="2026-07-30T07:52:15.888Z" hostname="BANGERSOUL" time="0.043">
  <properties/>
  <testcase name="should fail for blank session ID" classname="com.bangersoul.aivance.core.domain.usecase.interview.EvaluateAnswersUseCaseTest" time="0.009"/>
  <testcase name="should fail for blank answer" classname="com.bangersoul.aivance.core.domain.usecase.interview.EvaluateAnswersUseCaseTest" time="0.01"/>
  <testcase name="should fail for blank question" classname="com.bangersoul.aivance.core.domain.usecase.interview.EvaluateAnswersUseCaseTest" time="0.005"/>
  <testcase name="should evaluate answer successfully" classname="com.bangersoul.aivance.core.domain.usecase.interview.EvaluateAnswersUseCaseTest" time="0.018"/>
  <system-out><![CDATA[]]></system-out>
  <system-err><![CDATA[]]></system-err>
</testsuite>
