<?xml version="1.0" encoding="UTF-8"?>
<testsuite name="com.bangersoul.aivance.core.domain.usecase.coverletter.GenerateCoverLetterUseCaseTest" tests="3" skipped="0" failures="0" errors="0" timestamp="2026-07-30T07:52:15.740Z" hostname="BANGERSOUL" time="0.025">
  <properties/>
  <testcase name="should fail for blank role" classname="com.bangersoul.aivance.core.domain.usecase.coverletter.GenerateCoverLetterUseCaseTest" time="0.006"/>
  <testcase name="should generate cover letter successfully" classname="com.bangersoul.aivance.core.domain.usecase.coverletter.GenerateCoverLetterUseCaseTest" time="0.013"/>
  <testcase name="should fail for blank company name" classname="com.bangersoul.aivance.core.domain.usecase.coverletter.GenerateCoverLetterUseCaseTest" time="0.006"/>
  <system-out><![CDATA[]]></system-out>
  <system-err><![CDATA[]]></system-err>
</testsuite>
