<?xml version="1.0" encoding="UTF-8"?>
<testsuite name="com.bangersoul.aivance.core.domain.usecase.provider.SelectProviderUseCaseTest" tests="4" skipped="0" failures="0" errors="0" timestamp="2026-07-30T07:52:16.483Z" hostname="BANGERSOUL" time="0.029">
  <properties/>
  <testcase name="should select Gemini provider" classname="com.bangersoul.aivance.core.domain.usecase.provider.SelectProviderUseCaseTest" time="0.01"/>
  <testcase name="should fail for blank provider ID" classname="com.bangersoul.aivance.core.domain.usecase.provider.SelectProviderUseCaseTest" time="0.004"/>
  <testcase name="should select Ollama provider without API key" classname="com.bangersoul.aivance.core.domain.usecase.provider.SelectProviderUseCaseTest" time="0.011"/>
  <testcase name="should fail for unknown provider" classname="com.bangersoul.aivance.core.domain.usecase.provider.SelectProviderUseCaseTest" time="0.004"/>
  <system-out><![CDATA[]]></system-out>
  <system-err><![CDATA[]]></system-err>
</testsuite>
