<?xml version="1.0" encoding="UTF-8"?>
<testsuite name="com.bangersoul.aivance.core.domain.usecase.provider.EnableProviderUseCaseTest" tests="2" skipped="0" failures="0" errors="0" timestamp="2026-07-30T07:52:16.313Z" hostname="BANGERSOUL" time="0.016">
  <properties/>
  <testcase name="should enable provider successfully" classname="com.bangersoul.aivance.core.domain.usecase.provider.EnableProviderUseCaseTest" time="0.012"/>
  <testcase name="should fail for blank provider ID" classname="com.bangersoul.aivance.core.domain.usecase.provider.EnableProviderUseCaseTest" time="0.004"/>
  <system-out><![CDATA[]]></system-out>
  <system-err><![CDATA[]]></system-err>
</testsuite>
