<?xml version="1.0" encoding="UTF-8"?>
<testsuite name="com.bangersoul.aivance.core.domain.usecase.resume.ParseResumeUseCaseTest" tests="5" skipped="0" failures="0" errors="0" timestamp="2026-07-30T07:52:16.818Z" hostname="BANGERSOUL" time="0.058">
  <properties/>
  <testcase name="should fail for negative resume ID" classname="com.bangersoul.aivance.core.domain.usecase.resume.ParseResumeUseCaseTest" time="0.005"/>
  <testcase name="should return empty sections for text without headers" classname="com.bangersoul.aivance.core.domain.usecase.resume.ParseResumeUseCaseTest" time="0.029"/>
  <testcase name="should handle repository error when fetching resume" classname="com.bangersoul.aivance.core.domain.usecase.resume.ParseResumeUseCaseTest" time="0.005"/>
  <testcase name="should fail for invalid resume ID" classname="com.bangersoul.aivance.core.domain.usecase.resume.ParseResumeUseCaseTest" time="0.003"/>
  <testcase name="should parse resume sections successfully" classname="com.bangersoul.aivance.core.domain.usecase.resume.ParseResumeUseCaseTest" time="0.016"/>
  <system-out><![CDATA[]]></system-out>
  <system-err><![CDATA[]]></system-err>
</testsuite>
