<?xml version="1.0" encoding="UTF-8"?>
<testsuite name="com.bangersoul.aivance.core.domain.usecase.resume.GenerateResumeSummaryUseCaseTest" tests="4" skipped="0" failures="0" errors="0" timestamp="2026-07-30T07:52:16.692Z" hostname="BANGERSOUL" time="0.031">
  <properties/>
  <testcase name="should truncate summary to max length" classname="com.bangersoul.aivance.core.domain.usecase.resume.GenerateResumeSummaryUseCaseTest" time="0.01"/>
  <testcase name="should fail for invalid resume ID" classname="com.bangersoul.aivance.core.domain.usecase.resume.GenerateResumeSummaryUseCaseTest" time="0.004"/>
  <testcase name="should fail for invalid max length" classname="com.bangersoul.aivance.core.domain.usecase.resume.GenerateResumeSummaryUseCaseTest" time="0.005"/>
  <testcase name="should generate summary successfully" classname="com.bangersoul.aivance.core.domain.usecase.resume.GenerateResumeSummaryUseCaseTest" time="0.011"/>
  <system-out><![CDATA[]]></system-out>
  <system-err><![CDATA[]]></system-err>
</testsuite>
