<?xml version="1.0" encoding="UTF-8"?>
<testsuite name="com.bangersoul.aivance.core.domain.usecase.settings.ExportSettingsUseCaseTest" tests="1" skipped="0" failures="0" errors="0" timestamp="2026-07-30T07:52:16.878Z" hostname="BANGERSOUL" time="0.016">
  <properties/>
  <testcase name="should export settings as JSON" classname="com.bangersoul.aivance.core.domain.usecase.settings.ExportSettingsUseCaseTest" time="0.016"/>
  <system-out><![CDATA[]]></system-out>
  <system-err><![CDATA[]]></system-err>
</testsuite>
