<?xml version="1.0" encoding="UTF-8"?>
<testsuite name="com.bangersoul.aivance.core.domain.usecase.analytics.TrackEventUseCaseTest" tests="2" skipped="0" failures="0" errors="0" timestamp="2026-07-30T07:52:15.538Z" hostname="BANGERSOUL" time="0.035">
  <properties/>
  <testcase name="should track event successfully" classname="com.bangersoul.aivance.core.domain.usecase.analytics.TrackEventUseCaseTest" time="0.03"/>
  <testcase name="should fail for blank event name" classname="com.bangersoul.aivance.core.domain.usecase.analytics.TrackEventUseCaseTest" time="0.004"/>
  <system-out><![CDATA[]]></system-out>
  <system-err><![CDATA[]]></system-err>
</testsuite>
