<?xml version="1.0" encoding="UTF-8"?>
<testsuite name="com.bangersoul.aivance.core.domain.usecase.user.DeleteProfileUseCaseTest" tests="2" skipped="0" failures="0" errors="0" timestamp="2026-07-30T07:52:16.986Z" hostname="BANGERSOUL" time="0.016">
  <properties/>
  <testcase name="should clear profile data" classname="com.bangersoul.aivance.core.domain.usecase.user.DeleteProfileUseCaseTest" time="0.01"/>
  <testcase name="should handle already deleted profile" classname="com.bangersoul.aivance.core.domain.usecase.user.DeleteProfileUseCaseTest" time="0.006"/>
  <system-out><![CDATA[]]></system-out>
  <system-err><![CDATA[]]></system-err>
</testsuite>
