<?xml version="1.0" encoding="UTF-8"?>
<testsuite name="com.bangersoul.aivance.sdk.infrastructure.ProviderRegistryTest" tests="4" skipped="0" failures="0" errors="0" timestamp="2026-07-30T07:03:07.775Z" hostname="BANGERSOUL" time="0.003">
  <properties/>
  <testcase name="unregister should remove provider from registry" classname="com.bangersoul.aivance.sdk.infrastructure.ProviderRegistryTest" time="0.001"/>
  <testcase name="getProvidersByCapability should return filtered providers" classname="com.bangersoul.aivance.sdk.infrastructure.ProviderRegistryTest" time="0.001"/>
  <testcase name="register should add provider to registry" classname="com.bangersoul.aivance.sdk.infrastructure.ProviderRegistryTest" time="0.001"/>
  <testcase name="getAllProviders should return all registered providers" classname="com.bangersoul.aivance.sdk.infrastructure.ProviderRegistryTest" time="0.0"/>
  <system-out><![CDATA[]]></system-out>
  <system-err><![CDATA[]]></system-err>
</testsuite>
