<?xml version="1.0" encoding="UTF-8"?>
<testsuite name="com.bangersoul.aivance.job.di.JobProvidersModuleTest" tests="7" skipped="0" failures="0" errors="0" timestamp="2026-07-30T07:00:46.826Z" hostname="BANGERSOUL" time="0.046">
  <properties/>
  <testcase name="all providers implement JobProvider" classname="com.bangersoul.aivance.job.di.JobProvidersModuleTest" time="0.011"/>
  <testcase name="provideRemotiveProvider returns correct type" classname="com.bangersoul.aivance.job.di.JobProvidersModuleTest" time="0.007"/>
  <testcase name="provideLinkedInProvider returns correct type" classname="com.bangersoul.aivance.job.di.JobProvidersModuleTest" time="0.004"/>
  <testcase name="provideLeverProvider returns correct type" classname="com.bangersoul.aivance.job.di.JobProvidersModuleTest" time="0.004"/>
  <testcase name="provideGreenhouseProvider returns correct type" classname="com.bangersoul.aivance.job.di.JobProvidersModuleTest" time="0.007"/>
  <testcase name="provideIndeedProvider returns correct type" classname="com.bangersoul.aivance.job.di.JobProvidersModuleTest" time="0.005"/>
  <testcase name="provideRemoteOKProvider returns correct type" classname="com.bangersoul.aivance.job.di.JobProvidersModuleTest" time="0.005"/>
  <system-out><![CDATA[]]></system-out>
  <system-err><![CDATA[]]></system-err>
</testsuite>
